-----------------------------------------------------------
Row number |  decoded? | errors detected | errors corrected 
-----------------------------------------------------------
      0    |     1     |        23       |        23
      1    |     1     |        26       |        26
      2    |     1     |        30       |        30
      3    |     1     |        33       |        33
      4    |     1     |        40       |        40
      5    |     1     |        47       |        47
      6    |     1     |        78       |        78
      7    |     1     |        41       |        41
      8    |     1     |        40       |        40
      9    |     1     |        38       |        38
     10    |     1     |        36       |        36
     11    |     1     |        22       |        22
     12    |     1     |        21       |        21
     13    |     1     |        12       |        12
-----------------------------------------------------------

Erasures in each row: 502
-----------------------------------------------------------
